<?xml version="1.0" encoding="UTF-8"?>
<testsuite name="demo.ApplicationTests" time="0.75" tests="4" errors="0" skipped="0" failures="0">
  <properties>
[...]
</properties>
  <testcase name="userEndpointProtected" classname="demo.ApplicationTests" time="0.482"/>
  <testcase name="homePageLoads" classname="demo.ApplicationTests" time="0.117"/>
  <testcase name="loginRedirects" classname="demo.ApplicationTests" time="0.079"/>
  <testcase name="resourceEndpointProtected" classname="demo.ApplicationTests" time="0.072"/>
</testsuite>